Microsoft (R) Macro Assembler Version 14.29.30138.0	    01/12/22 13:07:08
main.asm						     Page 1 - 1


				INCLUDE Irvine32.inc
			      C ; Include file for Irvine32.lib             (Irvine32.inc)
			      C 
			      C ;OPTION CASEMAP:NONE		; optional: make identifiers case-sensitive
			      C 
			      C INCLUDE SmallWin.inc		; MS-Windows prototypes, structures, and constants
			      C .NOLIST
			      C .LIST
			      C 
			      C INCLUDE VirtualKeys.inc
			      C ; VirtualKeys.inc
			      C .NOLIST
			      C .LIST
			      C 
			      C 
			      C .NOLIST
			      C .LIST
			      C 
				INCLUDE Macros.inc
			      C .NOLIST
			      C .LIST
			      C 
 00000000			.data
 00000000 00000001		    arrayUnRaindomized dd 1,2,3,4,5,6,1,2,3,4,5,6
	   00000002
	   00000003
	   00000004
	   00000005
	   00000006
	   00000001
	   00000002
	   00000003
	   00000004
	   00000005
	   00000006
 00000030 00000007		    array dd 7,7,7,7,7,7,7,7,7,7,7,7
	   00000007
	   00000007
	   00000007
	   00000007
	   00000007
	   00000007
	   00000007
	   00000007
	   00000007
	   00000007
	   00000007
 00000060 4F 4B 00		    MessageOK BYTE "OK",0
 00000063 00000000		    WinTimes DWORD 0
 00000067 00000000		    Num DWORD 0,0
	   00000000
 0000006F 00000000		    i DWORD 0
 00000073 00000000		    j DWORD 0
 00000077 00000000		    First_i DWORD 0
 0000007B 00000000		    First_j DWORD 0
 0000007F 00000000		    isVisible DWORD 0
 00000083 00000000		    Num0 DWORD 0
 00000087 00000000		    Num1 DWORD 0
 0000008B 00000000		    ranNum DWORD ?
 0000008F 00000000		    u DWORD 0
 00000093 FFFFFFFF		    KeyboardSELECT DWORD -1
 00000097 00000000		    r DWORD 0
 0000009B 00000000		    s DWORD 0
 0000009F 00000000		    q DWORD 0
 000000A3 00000000		    g DWORD 0
 000000A7 00000000		    f DWORD 0
 000000AB 00000000		    a DWORD ?
 000000AF 00000000		    b DWORD ?
 000000B3 00000000		    tempValueInArray DWORD 0
 000000B7 00000000		    CurrentCursor DWORD 0
 000000BB 00000000		    tempFirstLocation DWORD 0
 000000BF 00000000		    tempSecondLocation DWORD 0
 000000C3 0000 0008		    XYPos COORD <0,8>
 000000C7 0000 0001		    XYPos1 COORD <0,1>
 000000CB 00000000		    consoleHandle DWORD ?
 00000000			.code
 00000000			RAINDOMIZE PROC
 00000000			L0:
 00000000  E8 00000688		    call RNG
 00000005			L1:
 00000005  8B 0D 0000008B R	    mov ecx,ranNum
 0000000B  8B 0C 8D		    mov ecx,[array+ecx*4]
	   00000030 R
				    .if ecx != 7
 00000017  E8 00000671		        call RNG
 0000001C  EB E7		        jmp L1
				    .else
 00000020  EB 00		        jmp L2
				    .endif
 00000022			L2:
 00000022  8B 1D 000000A7 R	    mov ebx,f
 00000028  8B 0D 0000008B R	    mov ecx,ranNum
 0000002E  8B 1C 9D		    mov ebx,[arrayUnRaindomized+ebx*4]
	   00000000 R
 00000035  89 1C 8D		    mov [array+ecx*4],ebx
	   00000030 R
				    .IF f<11
 00000045  83 05 000000A7 R	        add f,1
	   01
 0000004C  EB B2		        jmp L0
				    .ELSE
 00000050  C3			        RET
				    .ENDIF
 00000051			RAINDOMIZE ENDP

 00000051			main PROC
 00000051  E8 FFFFFFAA		call RAINDOMIZE
 00000056			Main1 PROC

 00000056			INPUTPROC:






				.IF u==0
 0000005F  E8 0000054A		call OUTFIRST
				.ELSE

 00000066  E8 00000566		call OUTSECOND
				.ENDIF

 0000006B			LookForKey PROC
 0000006B  B8 00000032		    mov  eax,50          ; sleep, to allow OS to time slice
 00000070  E8 00000000 E	    call Delay           ; (otherwise, some key presses are lost)

 00000075  E8 00000000 E	    call ReadKey         ; look for keyboard input
 0000007A  74 EF		    jz   LookForKey      ; no key pressed yet
				    


				    ;KeyMapping
				    .IF dx==VK_DOWN
				        .IF i<2
 0000008B  83 05 0000006F R	            add i,1
	   01
				        .ENDIF
				        .IF u==0
				            INVOKE GetStdHandle, STD_OUTPUT_HANDLE
 000000A2  A3 000000CB R	            mov consoleHandle,eax
				            INVOKE SetConsoleCursorPosition, consoleHandle, XYPos1
				        .ELSE
				            INVOKE GetStdHandle, STD_OUTPUT_HANDLE
 000000C1  A3 000000CB R	            mov consoleHandle,eax
				            INVOKE SetConsoleCursorPosition, consoleHandle, XYPos
				        .ENDIF
 000000D7  E8 00000000 E	        call Crlf
 000000DC  C7 05 0000007F R	        mov isVisible,0
	   00000000
 000000E6  E8 00000509		        call UPDATECursor
 000000EB  E8 000002FA		        call DrawGUI
 000000F0  E8 000005E7		        call WRITEARRAYSTATUS
				    .ENDIF
				    .IF dx==VK_UP
				        .IF i>0
 00000104  83 05 0000006F R	            add i,-1
	   FF
				        .ENDIF
				        .IF u==0    ;is it first try?
				            INVOKE GetStdHandle, STD_OUTPUT_HANDLE
 0000011B  A3 000000CB R	            mov consoleHandle,eax
				            INVOKE SetConsoleCursorPosition, consoleHandle, XYPos1
				        .ELSE
				            INVOKE GetStdHandle, STD_OUTPUT_HANDLE
 0000013A  A3 000000CB R	            mov consoleHandle,eax
				            INVOKE SetConsoleCursorPosition, consoleHandle, XYPos
				        .ENDIF
 00000150  E8 00000000 E	        call Crlf
 00000155  C7 05 0000007F R	        mov isVisible,0
	   00000000
 0000015F  E8 00000490		        call UPDATECursor
 00000164  E8 00000281		        call DrawGUI
 00000169  E8 0000056E		        call WRITEARRAYSTATUS

				    .ENDIF
				    .IF dx==VK_LEFT
				        .IF j>0
 0000017D  83 05 00000073 R	            add j,-1
	   FF
				        .ENDIF
				        .IF u==0
				            INVOKE GetStdHandle, STD_OUTPUT_HANDLE
 00000194  A3 000000CB R	            mov consoleHandle,eax
				            INVOKE SetConsoleCursorPosition, consoleHandle, XYPos1
				        .ELSE
				            INVOKE GetStdHandle, STD_OUTPUT_HANDLE
 000001B3  A3 000000CB R	            mov consoleHandle,eax
				            INVOKE SetConsoleCursorPosition, consoleHandle, XYPos
				        .ENDIF
 000001C9  E8 00000000 E	        call Crlf
 000001CE  C7 05 0000007F R	        mov isVisible,0
	   00000000
 000001D8  E8 00000417		        call UPDATECursor
 000001DD  E8 00000208		        call DrawGUI
 000001E2  E8 000004F5		        call WRITEARRAYSTATUS
				    .ENDIF
				    .IF dx==VK_RIGHT
				        .IF j<3
 000001F6  83 05 00000073 R	            add j,1
	   01
				        .ENDIF
				        .IF u==0
				            INVOKE GetStdHandle, STD_OUTPUT_HANDLE
 0000020D  A3 000000CB R	            mov consoleHandle,eax
				            INVOKE SetConsoleCursorPosition, consoleHandle, XYPos1
				        .ELSE
				            INVOKE GetStdHandle, STD_OUTPUT_HANDLE
 0000022C  A3 000000CB R	            mov consoleHandle,eax
				            INVOKE SetConsoleCursorPosition, consoleHandle, XYPos
				        .ENDIF
 00000242  E8 00000000 E	        call Crlf
 00000247  C7 05 0000007F R	        mov isVisible,0
	   00000000
 00000251  E8 0000039E		        call UPDATECursor
 00000256  E8 0000018F		        call DrawGUI
 0000025B  E8 0000047C		        call WRITEARRAYSTATUS
				    .ENDIF
				    .IF dx==VK_HOME
 00000266  C7 05 00000093 R	        MOV KeyboardSELECT,5
	   00000005
 00000270  E8 00000428		        call PRINTALL
				    .ENDIF
				    .IF dx==VK_RETURN
 0000027F  A1 0000006F R	        mov eax,i
 00000284  C1 E0 02		        shl eax,2
 00000287  8B 1D 00000073 R	        mov ebx,j
 0000028D  03 C3		        add eax,ebx
 0000028F  8B 04 85		        mov eax,[array+eax*4]
	   00000030 R
 00000296  8B D0		        mov edx,eax
				        .if edx!=0
 0000029C  E8 00000000 E	            call Crlf
				            mWrite "You Picked "
 000000CF		     1		.data		
 000000CF 59 6F 75 20 50     1		??0000 BYTE "You Picked ",0	
	   69 63 6B 65 64
	   20 00
 000002A1		     1		.code
 000002A1  52		     1		push	edx
 000002A2  BA 000000CF R     1		mov	edx,OFFSET ??0000
 000002A7  E8 00000000 E     1		call	WriteString
 000002AC  5A		     1		pop	edx
 000002AD  E8 0000042A		            call WRITEARRAYSTATUS
				            mWrite " is "
 000000DB		     1		.data		
 000000DB 20 69 73 20 00     1		??0001 BYTE " is ",0	
 000002B2		     1		.code
 000002B2  52		     1		push	edx
 000002B3  BA 000000DB R     1		mov	edx,OFFSET ??0001
 000002B8  E8 00000000 E     1		call	WriteString
 000002BD  5A		     1		pop	edx
 000002BE  A1 0000006F R	            mov eax,i
 000002C3  C1 E0 02		            shl eax,2
 000002C6  8B 1D 00000073 R	            mov ebx,j
 000002CC  03 C3		            add eax,ebx
				            .if u==0
 000002D7  A3 000000BB R	                mov tempFirstLocation,eax
				            .else
 000002DE  A3 000000BF R	                mov tempSecondLocation,eax
				            .endif
 000002E3  8B 04 85		            mov eax,[array+eax*4]
	   00000030 R
 000002EA  8B D0		            mov edx,eax
				            .if u==0
 000002F5  89 15 00000083 R	                mov Num0,edx
				            .else
 000002FD  89 15 00000087 R	                mov Num1,edx
				            .endif
 00000303  E8 00000000 E	            call writeDec
 00000308  E8 00000000 E	            call Crlf
				        .else
 0000030F  E8 000002F8		            call INPUTERROR
				        .endif
				        
				        


 00000314  C7 05 00000093 R	        MOV KeyboardSELECT,0
	   00000000
				    .ELSE
 00000320  E9 FFFFFD46		        jmp LookForKey 
				    .ENDIF
 00000325			    LookForKey ENDP
 00000325  83 05 0000008F R	add u,1
	   01
				;First time or second time choose
 0000032C  83 3D 0000008F R	cmp u,2
	   02
 00000333  73 06		jae LL1
 00000335  0F 82 FFFFFD1B	jb INPUTPROC
 0000033B			LL1:
 0000033B  C7 05 0000008F R	    mov u,0
	   00000000
 00000345  EB 00		    jmp COMP
 00000347			COMP PROC
				;compare the first number and second number
 00000347  A1 00000083 R	mov eax,Num0
 0000034C  8B 1D 00000087 R	mov ebx,Num1

				.IF eax==ebx ;Paired Cards
 00000356  C7 05 0000007F R	    mov isVisible,1
	   00000001
 00000360  E8 00000176		    call DrawGUI_Two
 00000365  E8 00000000 E	    call Crlf
				    mWrite "Correct"
 000000E0		     1		.data		
 000000E0 43 6F 72 72 65     1		??0002 BYTE "Correct",0	
	   63 74 00
 0000036A		     1		.code
 0000036A  52		     1		push	edx
 0000036B  BA 000000E0 R     1		mov	edx,OFFSET ??0002
 00000370  E8 00000000 E     1		call	WriteString
 00000375  5A		     1		pop	edx
 00000376  E8 00000000 E	    call Crlf
 0000037B  E8 000002D1		    call WIN
 00000380  B8 000007D0		    mov eax , 2000     ;Wait 2 Sec
 00000385  E8 00000000 E	    call     Delay
				    .IF WinTimes==6 ;All cards Paired?
				        mWrite "You Win"
 000000E8		     1		.data		
 000000E8 59 6F 75 20 57     1		??0003 BYTE "You Win",0	
	   69 6E 00
 00000393		     1		.code
 00000393  52		     1		push	edx
 00000394  BA 000000E8 R     1		mov	edx,OFFSET ??0003
 00000399  E8 00000000 E     1		call	WriteString
 0000039E  5A		     1		pop	edx
				        exit
				    .ELSE
 000003A8  E8 00000000 E	        call Clrscr
 000003AD  E9 FFFFFCA4		        jmp Main1
				    .endif
				    


				.ELSE   ;Incorrect cards
 000003B4  C7 05 0000007F R	    mov isVisible,1
	   00000001
 000003BE  E8 00000118		    call DrawGUI_Two
				    mWrite "Incorrect"
 000000F0		     1		.data		
 000000F0 49 6E 63 6F 72     1		??0004 BYTE "Incorrect",0	
	   72 65 63 74 00
 000003C3		     1		.code
 000003C3  52		     1		push	edx
 000003C4  BA 000000F0 R     1		mov	edx,OFFSET ??0004
 000003C9  E8 00000000 E     1		call	WriteString
 000003CE  5A		     1		pop	edx
 000003CF  E8 00000000 E	    call Crlf
 000003D4  B8 000007D0		    mov eax , 2000     ;Wait 2 Sec
 000003D9  E8 00000000 E	    call     Delay
 000003DE  E8 00000000 E	    call Clrscr
 000003E3  E9 FFFFFC6E		    jmp Main1
				.ENDIF
 000003E8			COMP ENDP
 000003E8  C3			ret

 000003E9			Main1 ENDP
 000003E9  C3			ret
 000003EA			main ENDP

				;-----------------------------------

				;Draw Array to choose card
 000003EA			DrawGUI PROC
 000003EA			SSS:
 000003EA  33 C0		     xor eax,eax
 000003EC  A1 00000097 R	     mov eax,r
 000003F1  8B C8		     mov ecx,eax
 000003F3  8B 04 85		     mov eax,[array+eax*4]
	   00000030 R
 000003FA  8B D0		     mov edx,eax
 000003FC  89 15 000000B3 R	     mov tempValueInArray,edx

 00000402  8B 1D 000000BB R	     mov ebx,tempFirstLocation
				     .IF u==1
				     
				     .ENDIF
				     .IF tempValueInArray==0
				        ;Paired cards
				        mWrite "/"
 000000FA		     1		.data		
 000000FA 2F 00		     1		??0005 BYTE "/",0	
 0000041A		     1		.code
 0000041A  52		     1		push	edx
 0000041B  BA 000000FA R     1		mov	edx,OFFSET ??0005
 00000420  E8 00000000 E     1		call	WriteString
 00000425  5A		     1		pop	edx
				     .ELSEIF ecx==CurrentCursor
				        .IF isVisible==1
 00000439  A1 000000B3 R	            mov eax,tempValueInArray
 0000043E  E8 00000000 E	            call writeDec
				        .ELSE
				            mWrite "+"
 000000FC		     1		.data		
 000000FC 2B 00		     1		??0006 BYTE "+",0	
 00000445		     1		.code
 00000445  52		     1		push	edx
 00000446  BA 000000FC R     1		mov	edx,OFFSET ??0006
 0000044B  E8 00000000 E     1		call	WriteString
 00000450  5A		     1		pop	edx
				        .ENDIF
 00000451  33 C0		        xor eax,eax
				     .ELSE
				        .IF u==1
				            .IF ecx==ebx
 00000462  A1 000000BB R	                mov eax,tempFirstLocation
 00000467  8B 04 85		                mov eax,[array+eax*4]
	   00000030 R
 0000046E  E8 00000000 E	                call writeDec
				            .ELSE
				                mWrite "*"
 000000FE		     1		.data		
 000000FE 2A 00		     1		??0007 BYTE "*",0	
 00000475		     1		.code
 00000475  52		     1		push	edx
 00000476  BA 000000FE R     1		mov	edx,OFFSET ??0007
 0000047B  E8 00000000 E     1		call	WriteString
 00000480  5A		     1		pop	edx
				            .ENDIF
				        .ELSE
				            mWrite "*"
 00000100		     1		.data		
 00000100 2A 00		     1		??0008 BYTE "*",0	
 00000483		     1		.code
 00000483  52		     1		push	edx
 00000484  BA 00000100 R     1		mov	edx,OFFSET ??0008
 00000489  E8 00000000 E     1		call	WriteString
 0000048E  5A		     1		pop	edx
				        .ENDIF
				     .ENDIF
				     ;call     DumpRegs
				     ;mWrite "Y"
				    .IF r==3
 00000498  E8 00000000 E	        call Crlf
				    .ENDIF
				    .IF r==7
 000004A6  E8 00000000 E	        call Crlf
				    .ENDIF
				    .IF r==11
 000004B4  E8 00000000 E	        call Crlf
				    .ENDIF
				.IF r<11
 000004C2  83 05 00000097 R	    add r,1
	   01
 000004C9  E9 FFFFFF1C		    jmp SSS
				.ELSE
				    
				.ENDIF
 000004D0  C7 05 00000097 R	mov r,0
	   00000000
 000004DA  C3			RET
 000004DB			DrawGUI ENDP


				;Draw Array when need to output 2 number in array
 000004DB			DrawGUI_Two PROC
 000004DB			L0:
 000004DB  33 C0		     xor eax,eax
 000004DD  A1 00000097 R	     mov eax,r
 000004E2  8B C8		     mov ecx,eax
 000004E4  8B 04 85		     mov eax,[array+eax*4]
	   00000030 R
 000004EB  A3 000000B3 R	     mov tempValueInArray,eax


 000004F0  8B 1D 000000BB R	     mov ebx,tempFirstLocation
				     .IF eax==0
				        mWrite "/"
 00000102		     1		.data		
 00000102 2F 00		     1		??0009 BYTE "/",0	
 000004FA		     1		.code
 000004FA  52		     1		push	edx
 000004FB  BA 00000102 R     1		mov	edx,OFFSET ??0009
 00000500  E8 00000000 E     1		call	WriteString
 00000505  5A		     1		pop	edx
				     .ELSEIF ecx==CurrentCursor
				        .IF isVisible==1
 00000519  A1 000000B7 R	            mov eax,CurrentCursor
 0000051E  8B 04 85		            mov eax,[array+eax*4]
	   00000030 R
 00000525  E8 00000000 E	            call writeDec
				        .ELSE
				            mWrite "+"
 00000104		     1		.data		
 00000104 2B 00		     1		??000A BYTE "+",0	
 0000052C		     1		.code
 0000052C  52		     1		push	edx
 0000052D  BA 00000104 R     1		mov	edx,OFFSET ??000A
 00000532  E8 00000000 E     1		call	WriteString
 00000537  5A		     1		pop	edx
				        .ENDIF
 00000538  B8 00000000		        mov eax,0
				     .ELSE
				        .IF ecx==ebx
 00000543  A1 000000BB R	            mov eax,tempFirstLocation
 00000548  8B 04 85		            mov eax,[array+eax*4]
	   00000030 R
 0000054F  E8 00000000 E	            call writeDec
				        .ELSE
				            mWrite "*"
 00000106		     1		.data		
 00000106 2A 00		     1		??000B BYTE "*",0	
 00000556		     1		.code
 00000556  52		     1		push	edx
 00000557  BA 00000106 R     1		mov	edx,OFFSET ??000B
 0000055C  E8 00000000 E     1		call	WriteString
 00000561  5A		     1		pop	edx
				        .ENDIF
				     .ENDIF
				     ;mWrite "Y"
				    .IF r==3
 0000056B  E8 00000000 E	        call Crlf
				    .ENDIF
				    .IF r==7
 00000579  E8 00000000 E	        call Crlf
				    .ENDIF
				    .IF r==11
 00000587  E8 00000000 E	        call Crlf
				    .ENDIF
				.IF r<11
 00000595  83 05 00000097 R	    add r,1
	   01
 0000059C  E9 FFFFFF3A		    jmp L0
				.ELSE
 000005A3  C7 05 00000097 R	    mov r,0
	   00000000
				.ENDIF
 000005AD  C3			RET
 000005AE			DrawGUI_Two ENDP







				;Prompt First
 000005AE			OUTFIRST PROC
				mWrite "First Attempt"
 00000108		     1		.data		
 00000108 46 69 72 73 74     1		??000C BYTE "First Attempt",0	
	   20 41 74 74 65
	   6D 70 74 00
 000005AE		     1		.code
 000005AE  52		     1		push	edx
 000005AF  BA 00000108 R     1		mov	edx,OFFSET ??000C
 000005B4  E8 00000000 E     1		call	WriteString
 000005B9  5A		     1		pop	edx
 000005BA  E8 00000000 E	call Crlf
				mWrite "-------"
 00000116		     1		.data		
 00000116 2D 2D 2D 2D 2D     1		??000D BYTE "-------",0	
	   2D 2D 00
 000005BF		     1		.code
 000005BF  52		     1		push	edx
 000005C0  BA 00000116 R     1		mov	edx,OFFSET ??000D
 000005C5  E8 00000000 E     1		call	WriteString
 000005CA  5A		     1		pop	edx
 000005CB  E8 00000000 E	call Crlf
 000005D0  C3			RET
 000005D1			OUTFIRST ENDP


				;Prompt Second
 000005D1			OUTSECOND PROC
				mWrite "-------"
 0000011E		     1		.data		
 0000011E 2D 2D 2D 2D 2D     1		??000E BYTE "-------",0	
	   2D 2D 00
 000005D1		     1		.code
 000005D1  52		     1		push	edx
 000005D2  BA 0000011E R     1		mov	edx,OFFSET ??000E
 000005D7  E8 00000000 E     1		call	WriteString
 000005DC  5A		     1		pop	edx
 000005DD  E8 00000000 E	call Crlf
				mWrite "Second Attempt"
 00000126		     1		.data		
 00000126 53 65 63 6F 6E     1		??000F BYTE "Second Attempt",0	
	   64 20 41 74 74
	   65 6D 70 74 00
 000005E2		     1		.code
 000005E2  52		     1		push	edx
 000005E3  BA 00000126 R     1		mov	edx,OFFSET ??000F
 000005E8  E8 00000000 E     1		call	WriteString
 000005ED  5A		     1		pop	edx
 000005EE  E8 00000000 E	call Crlf
 000005F3  C3			RET
 000005F4			OUTSECOND ENDP



				;Update now cursor location
 000005F4			UPDATECursor PROC
 000005F4  8B 35 0000006F R	mov esi,i
 000005FA  C1 E6 02		shl ESI,2
 000005FD  8B 3D 00000073 R	mov edi,j
 00000603  03 F7		add esi,edi
 00000605  89 35 000000B7 R	mov CurrentCursor,esi
 0000060B  C3			RET
 0000060C			UPDATECursor ENDP

				;Prompt Picked Before message
 0000060C			INPUTERROR PROC

 0000060C  E8 00000000 E	call Crlf
				mWrite "You Picked This Before"
 00000135		     1		.data		
 00000135 59 6F 75 20 50     1		??0010 BYTE "You Picked This Before",0	
	   69 63 6B 65 64
	   20 54 68 69 73
	   20 42 65 66 6F
	   72 65 00
 00000611		     1		.code
 00000611  52		     1		push	edx
 00000612  BA 00000135 R     1		mov	edx,OFFSET ??0010
 00000617  E8 00000000 E     1		call	WriteString
 0000061C  5A		     1		pop	edx
 0000061D  E8 00000000 E	call Crlf
				.IF u==0
 0000062B  C7 05 0000008F R	    mov u,-1
	   FFFFFFFF
				.ELSE
 00000637  C7 05 0000008F R	    mov u,0
	   00000000
				.ENDIF
 00000641  B8 000003E8		mov eax , 1000     ; 1
 00000646  E8 00000000 E	call Delay
 0000064B  E8 00000000 E	call Clrscr

 00000650  C3			RET
 00000651			INPUTERROR ENDP

				;Modify the win value in array to 0
 00000651			WIN PROC
 00000651  A1 000000BB R	    mov eax,tempFirstLocation
 00000656  C7 04 85		    mov [array+eax*4],0
	   00000030 R
	   00000000
 00000661  A1 000000BF R	    mov eax,tempSecondLocation
 00000666  C7 04 85		    mov [array+eax*4],0
	   00000030 R
	   00000000
 00000671  C7 05 0000006F R	    mov i,0
	   00000000
 0000067B  C7 05 00000073 R	    mov j,0
	   00000000
 00000685  83 05 00000063 R	    add WinTimes,1
	   01
 0000068C  C3			RET
 0000068D			WIN ENDP
				;---------------------------------------------------------


				;Random number 0~11
 0000068D			RNG PROC
 0000068D  B8 0000000C		    mov  eax,12     ;get random 0 to 11
 00000692  E8 00000000 E	    call RandomRange ;
 00000697  A3 0000008B R	    mov  ranNum,eax  ;save random number
 0000069C  C3			    RET
 0000069D			RNG ENDP




				;Debugging PRINTALL can trigger by pressing HOME
 0000069D			PRINTALL PROC

 0000069D  A1 000000A3 R	mov eax,g
 000006A2  8B 04 85		mov eax,[array+eax*4]
	   00000030 R
 000006A9  E8 00000000 E	call writeInt
				mWrite ","
 0000014C		     1		.data		
 0000014C 2C 00		     1		??0011 BYTE ",",0	
 000006AE		     1		.code
 000006AE  52		     1		push	edx
 000006AF  BA 0000014C R     1		mov	edx,OFFSET ??0011
 000006B4  E8 00000000 E     1		call	WriteString
 000006B9  5A		     1		pop	edx
				.IF g<11
 000006C3  83 05 000000A3 R	    add g,1
	   01
 000006CA  EB D1		    jmp PRINTALL
				.ENDIF
 000006CC  E8 00000000 E	call Crlf
 000006D1  C7 05 000000A3 R	mov g,0
	   00000000
 000006DB  C3			RET
 000006DC			PRINTALL ENDP

				;Write [A][B] Message
 000006DC			WRITEARRAYSTATUS PROC
				        mWrite "["
 0000014E		     1		.data		
 0000014E 5B 00		     1		??0012 BYTE "[",0	
 000006DC		     1		.code
 000006DC  52		     1		push	edx
 000006DD  BA 0000014E R     1		mov	edx,OFFSET ??0012
 000006E2  E8 00000000 E     1		call	WriteString
 000006E7  5A		     1		pop	edx
 000006E8  A1 0000006F R	        mov eax,i
 000006ED  83 C0 01		        add eax,1
 000006F0  E8 00000000 E	        call WriteDec
				        mWrite "] "
 00000150		     1		.data		
 00000150 5D 20 00	     1		??0013 BYTE "] ",0	
 000006F5		     1		.code
 000006F5  52		     1		push	edx
 000006F6  BA 00000150 R     1		mov	edx,OFFSET ??0013
 000006FB  E8 00000000 E     1		call	WriteString
 00000700  5A		     1		pop	edx
				        mWrite "["
 00000153		     1		.data		
 00000153 5B 00		     1		??0014 BYTE "[",0	
 00000701		     1		.code
 00000701  52		     1		push	edx
 00000702  BA 00000153 R     1		mov	edx,OFFSET ??0014
 00000707  E8 00000000 E     1		call	WriteString
 0000070C  5A		     1		pop	edx
 0000070D  A1 00000073 R	        mov eax,j
 00000712  83 C0 01		        add eax,1
 00000715  E8 00000000 E	        call WriteDec
				        mWrite "]"
 00000155		     1		.data		
 00000155 5D 00		     1		??0015 BYTE "]",0	
 0000071A		     1		.code
 0000071A  52		     1		push	edx
 0000071B  BA 00000155 R     1		mov	edx,OFFSET ??0015
 00000720  E8 00000000 E     1		call	WriteString
 00000725  5A		     1		pop	edx
 00000726  C3			RET
 00000727			WRITEARRAYSTATUS ENDP
				    

				END main
Microsoft (R) Macro Assembler Version 14.29.30138.0	    01/12/22 13:07:08
main.asm						     Symbols 2 - 1




Macros:

                N a m e                 Type

IsDefined  . . . . . . . . . . .	Func
Startup  . . . . . . . . . . . .	Proc
mDumpMem . . . . . . . . . . . .	Proc
mDump  . . . . . . . . . . . . .	Proc
mGotoxy  . . . . . . . . . . . .	Proc
mReadString  . . . . . . . . . .	Proc
mShowRegister  . . . . . . . . .	Proc
mShow  . . . . . . . . . . . . .	Proc
mWriteLn . . . . . . . . . . . .	Proc
mWriteSpace  . . . . . . . . . .	Proc
mWriteString . . . . . . . . . .	Proc
mWrite . . . . . . . . . . . . .	Proc


Structures and Unions:

                N a m e                  Size
                                         Offset      Type

CONSOLE_CURSOR_INFO  . . . . . .	 00000008
  dwSize . . . . . . . . . . . .	 00000000	 DWord
  bVisible . . . . . . . . . . .	 00000004	 DWord
CONSOLE_SCREEN_BUFFER_INFO . . .	 00000016
  dwSize . . . . . . . . . . . .	 00000000	 DWord
  dwCursorPosition . . . . . . .	 00000004	 DWord
  wAttributes  . . . . . . . . .	 00000008	 Word
  srWindow . . . . . . . . . . .	 0000000A	 QWord
  dwMaximumWindowSize  . . . . .	 00000012	 DWord
COORD  . . . . . . . . . . . . .	 00000004
  X  . . . . . . . . . . . . . .	 00000000	 Word
  Y  . . . . . . . . . . . . . .	 00000002	 Word
FILETIME . . . . . . . . . . . .	 00000008
  loDateTime . . . . . . . . . .	 00000000	 DWord
  hiDateTime . . . . . . . . . .	 00000004	 DWord
FOCUS_EVENT_RECORD . . . . . . .	 00000004
  bSetFocus  . . . . . . . . . .	 00000000	 DWord
FPU_ENVIRON  . . . . . . . . . .	 0000001C
  controlWord  . . . . . . . . .	 00000000	 Word
  statusWord . . . . . . . . . .	 00000004	 Word
  tagWord  . . . . . . . . . . .	 00000008	 Word
  instrPointerOffset . . . . . .	 0000000C	 DWord
  instrPointerSelector . . . . .	 00000010	 DWord
  operandPointerOffset . . . . .	 00000014	 DWord
  operandPointerSelector . . . .	 00000018	 Word
INPUT_RECORD . . . . . . . . . .	 00000014
  EventType  . . . . . . . . . .	 00000000	 Word
  Event  . . . . . . . . . . . .	 00000004	 XmmWord
  bKeyDown . . . . . . . . . . .	 00000000	 DWord
  wRepeatCount . . . . . . . . .	 00000004	 Word
  wVirtualKeyCode  . . . . . . .	 00000006	 Word
  wVirtualScanCode . . . . . . .	 00000008	 Word
  uChar  . . . . . . . . . . . .	 0000000A	 Word
  UnicodeChar  . . . . . . . . .	 00000000	 Word
  AsciiChar  . . . . . . . . . .	 00000000	 Byte
  dwControlKeyState  . . . . . .	 0000000C	 DWord
  dwMousePosition  . . . . . . .	 00000000	 DWord
  dwButtonState  . . . . . . . .	 00000004	 DWord
  dwMouseControlKeyState . . . .	 00000008	 DWord
  dwEventFlags . . . . . . . . .	 0000000C	 DWord
  dwSize . . . . . . . . . . . .	 00000000	 DWord
  dwCommandId  . . . . . . . . .	 00000000	 DWord
  bSetFocus  . . . . . . . . . .	 00000000	 DWord
KEY_EVENT_RECORD . . . . . . . .	 00000010
  bKeyDown . . . . . . . . . . .	 00000000	 DWord
  wRepeatCount . . . . . . . . .	 00000004	 Word
  wVirtualKeyCode  . . . . . . .	 00000006	 Word
  wVirtualScanCode . . . . . . .	 00000008	 Word
  uChar  . . . . . . . . . . . .	 0000000A	 Word
  UnicodeChar  . . . . . . . . .	 00000000	 Word
  AsciiChar  . . . . . . . . . .	 00000000	 Byte
  dwControlKeyState  . . . . . .	 0000000C	 DWord
MENU_EVENT_RECORD  . . . . . . .	 00000004
  dwCommandId  . . . . . . . . .	 00000000	 DWord
MOUSE_EVENT_RECORD . . . . . . .	 00000010
  dwMousePosition  . . . . . . .	 00000000	 DWord
  dwButtonState  . . . . . . . .	 00000004	 DWord
  dwMouseControlKeyState . . . .	 00000008	 DWord
  dwEventFlags . . . . . . . . .	 0000000C	 DWord
SMALL_RECT . . . . . . . . . . .	 00000008
  Left . . . . . . . . . . . . .	 00000000	 Word
  Top  . . . . . . . . . . . . .	 00000002	 Word
  Right  . . . . . . . . . . . .	 00000004	 Word
  Bottom . . . . . . . . . . . .	 00000006	 Word
SYSTEMTIME . . . . . . . . . . .	 00000010
  wYear  . . . . . . . . . . . .	 00000000	 Word
  wMonth . . . . . . . . . . . .	 00000002	 Word
  wDayOfWeek . . . . . . . . . .	 00000004	 Word
  wDay . . . . . . . . . . . . .	 00000006	 Word
  wHour  . . . . . . . . . . . .	 00000008	 Word
  wMinute  . . . . . . . . . . .	 0000000A	 Word
  wSecond  . . . . . . . . . . .	 0000000C	 Word
  wMilliseconds  . . . . . . . .	 0000000E	 Word
WINDOW_BUFFER_SIZE_RECORD  . . .	 00000004
  dwSize . . . . . . . . . . . .	 00000000	 DWord


Segments and Groups:

                N a m e                 Size     Length   Align   Combine Class

FLAT . . . . . . . . . . . . . .	GROUP
STACK  . . . . . . . . . . . . .	32 Bit	 00001000 Para	  Stack	  'STACK'	 
_DATA  . . . . . . . . . . . . .	32 Bit	 00000157 Para	  Public  'DATA'	
_TEXT  . . . . . . . . . . . . .	32 Bit	 00000727 Para	  Public  'CODE'	


Procedures, parameters, and locals:

                N a m e                 Type     Value    Attr

COMP . . . . . . . . . . . . . .	P Near	 00000347 _TEXT	Length= 000000A1 Public STDCALL
CloseFile  . . . . . . . . . . .	P Near	 00000000 FLAT	Length= 00000000 External STDCALL
CloseHandle  . . . . . . . . . .	P Near	 00000000 FLAT	Length= 00000000 External STDCALL
Clrscr . . . . . . . . . . . . .	P Near	 00000000 FLAT	Length= 00000000 External STDCALL
CreateFileA  . . . . . . . . . .	P Near	 00000000 FLAT	Length= 00000000 External STDCALL
CreateOutputFile . . . . . . . .	P Near	 00000000 FLAT	Length= 00000000 External STDCALL
Crlf . . . . . . . . . . . . . .	P Near	 00000000 FLAT	Length= 00000000 External STDCALL
Delay  . . . . . . . . . . . . .	P Near	 00000000 FLAT	Length= 00000000 External STDCALL
DrawGUI_Two  . . . . . . . . . .	P Near	 000004DB _TEXT	Length= 000000D3 Public STDCALL
  L0 . . . . . . . . . . . . . .	L Near	 000004DB _TEXT	
DrawGUI  . . . . . . . . . . . .	P Near	 000003EA _TEXT	Length= 000000F1 Public STDCALL
  SSS  . . . . . . . . . . . . .	L Near	 000003EA _TEXT	
DumpMem  . . . . . . . . . . . .	P Near	 00000000 FLAT	Length= 00000000 External STDCALL
DumpRegs . . . . . . . . . . . .	P Near	 00000000 FLAT	Length= 00000000 External STDCALL
ExitProcess  . . . . . . . . . .	P Near	 00000000 FLAT	Length= 00000000 External STDCALL
FileTimeToDosDateTime  . . . . .	P Near	 00000000 FLAT	Length= 00000000 External STDCALL
FileTimeToSystemTime . . . . . .	P Near	 00000000 FLAT	Length= 00000000 External STDCALL
FlushConsoleInputBuffer  . . . .	P Near	 00000000 FLAT	Length= 00000000 External STDCALL
FormatMessageA . . . . . . . . .	P Near	 00000000 FLAT	Length= 00000000 External STDCALL
GetCommandLineA  . . . . . . . .	P Near	 00000000 FLAT	Length= 00000000 External STDCALL
GetCommandTail . . . . . . . . .	P Near	 00000000 FLAT	Length= 00000000 External STDCALL
GetConsoleCP . . . . . . . . . .	P Near	 00000000 FLAT	Length= 00000000 External STDCALL
GetConsoleCursorInfo . . . . . .	P Near	 00000000 FLAT	Length= 00000000 External STDCALL
GetConsoleMode . . . . . . . . .	P Near	 00000000 FLAT	Length= 00000000 External STDCALL
GetConsoleScreenBufferInfo . . .	P Near	 00000000 FLAT	Length= 00000000 External STDCALL
GetDateTime  . . . . . . . . . .	P Near	 00000000 FLAT	Length= 00000000 External STDCALL
GetFileTime  . . . . . . . . . .	P Near	 00000000 FLAT	Length= 00000000 External STDCALL
GetKeyState  . . . . . . . . . .	P Near	 00000000 FLAT	Length= 00000000 External STDCALL
GetLastError . . . . . . . . . .	P Near	 00000000 FLAT	Length= 00000000 External STDCALL
GetLocalTime . . . . . . . . . .	P Near	 00000000 FLAT	Length= 00000000 External STDCALL
GetMaxXY . . . . . . . . . . . .	P Near	 00000000 FLAT	Length= 00000000 External STDCALL
GetMseconds  . . . . . . . . . .	P Near	 00000000 FLAT	Length= 00000000 External STDCALL
GetNumberOfConsoleInputEvents  .	P Near	 00000000 FLAT	Length= 00000000 External STDCALL
GetProcessHeap . . . . . . . . .	P Near	 00000000 FLAT	Length= 00000000 External STDCALL
GetStdHandle . . . . . . . . . .	P Near	 00000000 FLAT	Length= 00000000 External STDCALL
GetSystemTime  . . . . . . . . .	P Near	 00000000 FLAT	Length= 00000000 External STDCALL
GetTextColor . . . . . . . . . .	P Near	 00000000 FLAT	Length= 00000000 External STDCALL
GetTickCount . . . . . . . . . .	P Near	 00000000 FLAT	Length= 00000000 External STDCALL
Gotoxy . . . . . . . . . . . . .	P Near	 00000000 FLAT	Length= 00000000 External STDCALL
HeapAlloc  . . . . . . . . . . .	P Near	 00000000 FLAT	Length= 00000000 External STDCALL
HeapCreate . . . . . . . . . . .	P Near	 00000000 FLAT	Length= 00000000 External STDCALL
HeapDestroy  . . . . . . . . . .	P Near	 00000000 FLAT	Length= 00000000 External STDCALL
HeapFree . . . . . . . . . . . .	P Near	 00000000 FLAT	Length= 00000000 External STDCALL
HeapSize . . . . . . . . . . . .	P Near	 00000000 FLAT	Length= 00000000 External STDCALL
INPUTERROR . . . . . . . . . . .	P Near	 0000060C _TEXT	Length= 00000045 Public STDCALL
IsDigit  . . . . . . . . . . . .	P Near	 00000000 FLAT	Length= 00000000 External STDCALL
LocalFree  . . . . . . . . . . .	P Near	 00000000 FLAT	Length= 00000000 External STDCALL
LookForKey . . . . . . . . . . .	P Near	 0000006B _TEXT	Length= 000002BA Public STDCALL
Main1  . . . . . . . . . . . . .	P Near	 00000056 _TEXT	Length= 00000393 Public STDCALL
  INPUTPROC  . . . . . . . . . .	L Near	 00000056 _TEXT	
  LL1  . . . . . . . . . . . . .	L Near	 0000033B _TEXT	
MessageBoxA  . . . . . . . . . .	P Near	 00000000 FLAT	Length= 00000000 External STDCALL
MsgBoxAsk  . . . . . . . . . . .	P Near	 00000000 FLAT	Length= 00000000 External STDCALL
MsgBox . . . . . . . . . . . . .	P Near	 00000000 FLAT	Length= 00000000 External STDCALL
OUTFIRST . . . . . . . . . . . .	P Near	 000005AE _TEXT	Length= 00000023 Public STDCALL
OUTSECOND  . . . . . . . . . . .	P Near	 000005D1 _TEXT	Length= 00000023 Public STDCALL
OpenInputFile  . . . . . . . . .	P Near	 00000000 FLAT	Length= 00000000 External STDCALL
PRINTALL . . . . . . . . . . . .	P Near	 0000069D _TEXT	Length= 0000003F Public STDCALL
ParseDecimal32 . . . . . . . . .	P Near	 00000000 FLAT	Length= 00000000 External STDCALL
ParseInteger32 . . . . . . . . .	P Near	 00000000 FLAT	Length= 00000000 External STDCALL
PeekConsoleInputA  . . . . . . .	P Near	 00000000 FLAT	Length= 00000000 External STDCALL
RAINDOMIZE . . . . . . . . . . .	P Near	 00000000 _TEXT	Length= 00000051 Public STDCALL
  L0 . . . . . . . . . . . . . .	L Near	 00000000 _TEXT	
  L1 . . . . . . . . . . . . . .	L Near	 00000005 _TEXT	
  L2 . . . . . . . . . . . . . .	L Near	 00000022 _TEXT	
RNG  . . . . . . . . . . . . . .	P Near	 0000068D _TEXT	Length= 00000010 Public STDCALL
Random32 . . . . . . . . . . . .	P Near	 00000000 FLAT	Length= 00000000 External STDCALL
RandomRange  . . . . . . . . . .	P Near	 00000000 FLAT	Length= 00000000 External STDCALL
Randomize  . . . . . . . . . . .	P Near	 00000000 FLAT	Length= 00000000 External STDCALL
ReadChar . . . . . . . . . . . .	P Near	 00000000 FLAT	Length= 00000000 External STDCALL
ReadConsoleA . . . . . . . . . .	P Near	 00000000 FLAT	Length= 00000000 External STDCALL
ReadConsoleInputA  . . . . . . .	P Near	 00000000 FLAT	Length= 00000000 External STDCALL
ReadDec  . . . . . . . . . . . .	P Near	 00000000 FLAT	Length= 00000000 External STDCALL
ReadFile . . . . . . . . . . . .	P Near	 00000000 FLAT	Length= 00000000 External STDCALL
ReadFloat  . . . . . . . . . . .	P Near	 00000000 FLAT	Length= 00000000 External STDCALL
ReadFromFile . . . . . . . . . .	P Near	 00000000 FLAT	Length= 00000000 External STDCALL
ReadHex  . . . . . . . . . . . .	P Near	 00000000 FLAT	Length= 00000000 External STDCALL
ReadInt  . . . . . . . . . . . .	P Near	 00000000 FLAT	Length= 00000000 External STDCALL
ReadKeyFlush . . . . . . . . . .	P Near	 00000000 FLAT	Length= 00000000 External STDCALL
ReadKey  . . . . . . . . . . . .	P Near	 00000000 FLAT	Length= 00000000 External STDCALL
ReadString . . . . . . . . . . .	P Near	 00000000 FLAT	Length= 00000000 External STDCALL
SetConsoleCursorInfo . . . . . .	P Near	 00000000 FLAT	Length= 00000000 External STDCALL
SetConsoleCursorPosition . . . .	P Near	 00000000 FLAT	Length= 00000000 External STDCALL
SetConsoleMode . . . . . . . . .	P Near	 00000000 FLAT	Length= 00000000 External STDCALL
SetConsoleScreenBufferSize . . .	P Near	 00000000 FLAT	Length= 00000000 External STDCALL
SetConsoleTextAttribute  . . . .	P Near	 00000000 FLAT	Length= 00000000 External STDCALL
SetConsoleTitleA . . . . . . . .	P Near	 00000000 FLAT	Length= 00000000 External STDCALL
SetConsoleWindowInfo . . . . . .	P Near	 00000000 FLAT	Length= 00000000 External STDCALL
SetFilePointer . . . . . . . . .	P Near	 00000000 FLAT	Length= 00000000 External STDCALL
SetLocalTime . . . . . . . . . .	P Near	 00000000 FLAT	Length= 00000000 External STDCALL
SetTextColor . . . . . . . . . .	P Near	 00000000 FLAT	Length= 00000000 External STDCALL
ShowFPUStack . . . . . . . . . .	P Near	 00000000 FLAT	Length= 00000000 External STDCALL
Sleep  . . . . . . . . . . . . .	P Near	 00000000 FLAT	Length= 00000000 External STDCALL
StrLength  . . . . . . . . . . .	P Near	 00000000 FLAT	Length= 00000000 External STDCALL
Str_compare  . . . . . . . . . .	P Near	 00000000 FLAT	Length= 00000000 External STDCALL
Str_copy . . . . . . . . . . . .	P Near	 00000000 FLAT	Length= 00000000 External STDCALL
Str_length . . . . . . . . . . .	P Near	 00000000 FLAT	Length= 00000000 External STDCALL
Str_trim . . . . . . . . . . . .	P Near	 00000000 FLAT	Length= 00000000 External STDCALL
Str_ucase  . . . . . . . . . . .	P Near	 00000000 FLAT	Length= 00000000 External STDCALL
SystemTimeToFileTime . . . . . .	P Near	 00000000 FLAT	Length= 00000000 External STDCALL
UPDATECursor . . . . . . . . . .	P Near	 000005F4 _TEXT	Length= 00000018 Public STDCALL
WIN  . . . . . . . . . . . . . .	P Near	 00000651 _TEXT	Length= 0000003C Public STDCALL
WRITEARRAYSTATUS . . . . . . . .	P Near	 000006DC _TEXT	Length= 0000004B Public STDCALL
WaitMsg  . . . . . . . . . . . .	P Near	 00000000 FLAT	Length= 00000000 External STDCALL
WriteBinB  . . . . . . . . . . .	P Near	 00000000 FLAT	Length= 00000000 External STDCALL
WriteBin . . . . . . . . . . . .	P Near	 00000000 FLAT	Length= 00000000 External STDCALL
WriteChar  . . . . . . . . . . .	P Near	 00000000 FLAT	Length= 00000000 External STDCALL
WriteConsoleA  . . . . . . . . .	P Near	 00000000 FLAT	Length= 00000000 External STDCALL
WriteConsoleOutputAttribute  . .	P Near	 00000000 FLAT	Length= 00000000 External STDCALL
WriteConsoleOutputCharacterA . .	P Near	 00000000 FLAT	Length= 00000000 External STDCALL
WriteDec . . . . . . . . . . . .	P Near	 00000000 FLAT	Length= 00000000 External STDCALL
WriteFile  . . . . . . . . . . .	P Near	 00000000 FLAT	Length= 00000000 External STDCALL
WriteFloat . . . . . . . . . . .	P Near	 00000000 FLAT	Length= 00000000 External STDCALL
WriteHexB  . . . . . . . . . . .	P Near	 00000000 FLAT	Length= 00000000 External STDCALL
WriteHex . . . . . . . . . . . .	P Near	 00000000 FLAT	Length= 00000000 External STDCALL
WriteInt . . . . . . . . . . . .	P Near	 00000000 FLAT	Length= 00000000 External STDCALL
WriteStackFrameName  . . . . . .	P Near	 00000000 FLAT	Length= 00000000 External STDCALL
WriteStackFrame  . . . . . . . .	P Near	 00000000 FLAT	Length= 00000000 External STDCALL
WriteString  . . . . . . . . . .	P Near	 00000000 FLAT	Length= 00000000 External STDCALL
WriteToFile  . . . . . . . . . .	P Near	 00000000 FLAT	Length= 00000000 External STDCALL
WriteWindowsMsg  . . . . . . . .	P Near	 00000000 FLAT	Length= 00000000 External STDCALL
main . . . . . . . . . . . . . .	P Near	 00000051 _TEXT	Length= 00000399 Public STDCALL
printf . . . . . . . . . . . . .	P Near	 00000000 FLAT	Length= 00000000 External C
scanf  . . . . . . . . . . . . .	P Near	 00000000 FLAT	Length= 00000000 External C
wsprintfA  . . . . . . . . . . .	P Near	 00000000 FLAT	Length= 00000000 External C


Symbols:

                N a m e                 Type     Value    Attr

??0000 . . . . . . . . . . . . .	Byte	 000000CF _DATA	
??0001 . . . . . . . . . . . . .	Byte	 000000DB _DATA	
??0002 . . . . . . . . . . . . .	Byte	 000000E0 _DATA	
??0003 . . . . . . . . . . . . .	Byte	 000000E8 _DATA	
??0004 . . . . . . . . . . . . .	Byte	 000000F0 _DATA	
??0005 . . . . . . . . . . . . .	Byte	 000000FA _DATA	
??0006 . . . . . . . . . . . . .	Byte	 000000FC _DATA	
??0007 . . . . . . . . . . . . .	Byte	 000000FE _DATA	
??0008 . . . . . . . . . . . . .	Byte	 00000100 _DATA	
??0009 . . . . . . . . . . . . .	Byte	 00000102 _DATA	
??000A . . . . . . . . . . . . .	Byte	 00000104 _DATA	
??000B . . . . . . . . . . . . .	Byte	 00000106 _DATA	
??000C . . . . . . . . . . . . .	Byte	 00000108 _DATA	
??000D . . . . . . . . . . . . .	Byte	 00000116 _DATA	
??000E . . . . . . . . . . . . .	Byte	 0000011E _DATA	
??000F . . . . . . . . . . . . .	Byte	 00000126 _DATA	
??0010 . . . . . . . . . . . . .	Byte	 00000135 _DATA	
??0011 . . . . . . . . . . . . .	Byte	 0000014C _DATA	
??0012 . . . . . . . . . . . . .	Byte	 0000014E _DATA	
??0013 . . . . . . . . . . . . .	Byte	 00000150 _DATA	
??0014 . . . . . . . . . . . . .	Byte	 00000153 _DATA	
??0015 . . . . . . . . . . . . .	Byte	 00000155 _DATA	
@CodeSize  . . . . . . . . . . .	Number	 00000000h   
@DataSize  . . . . . . . . . . .	Number	 00000000h   
@Interface . . . . . . . . . . .	Number	 00000003h   
@Model . . . . . . . . . . . . .	Number	 00000007h   
@code  . . . . . . . . . . . . .	Text   	 _TEXT
@data  . . . . . . . . . . . . .	Text   	 FLAT
@fardata?  . . . . . . . . . . .	Text   	 FLAT
@fardata . . . . . . . . . . . .	Text   	 FLAT
@stack . . . . . . . . . . . . .	Text   	 FLAT
ALT_MASK . . . . . . . . . . . .	Number	 00000003h   
CAPSLOCK_ON  . . . . . . . . . .	Number	 00000080h   
CREATE_ALWAYS  . . . . . . . . .	Number	 00000002h   
CREATE_NEW . . . . . . . . . . .	Number	 00000001h   
CTRL_MASK  . . . . . . . . . . .	Number	 0000000Ch   
CreateFile . . . . . . . . . . .	Text   	 CreateFileA
CurrentCursor  . . . . . . . . .	DWord	 000000B7 _DATA	
DO_NOT_SHARE . . . . . . . . . .	Number	 00000000h   
ENABLE_ECHO_INPUT  . . . . . . .	Number	 00000004h   
ENABLE_LINE_INPUT  . . . . . . .	Number	 00000002h   
ENABLE_MOUSE_INPUT . . . . . . .	Number	 00000010h   
ENABLE_PROCESSED_INPUT . . . . .	Number	 00000001h   
ENABLE_PROCESSED_OUTPUT  . . . .	Number	 00000001h   
ENABLE_WINDOW_INPUT  . . . . . .	Number	 00000008h   
ENABLE_WRAP_AT_EOL_OUTPUT  . . .	Number	 00000002h   
ENHANCED_KEY . . . . . . . . . .	Number	 00000100h   
FALSE  . . . . . . . . . . . . .	Number	 00000000h   
FILE_APPEND_DATA . . . . . . . .	Number	 00000004h   
FILE_ATTRIBUTE_ARCHIVE . . . . .	Number	 00000020h   
FILE_ATTRIBUTE_COMPRESSED  . . .	Number	 00000800h   
FILE_ATTRIBUTE_DEVICE  . . . . .	Number	 00000040h   
FILE_ATTRIBUTE_DIRECTORY . . . .	Number	 00000010h   
FILE_ATTRIBUTE_ENCRYPTED . . . .	Number	 00004000h   
FILE_ATTRIBUTE_HIDDEN  . . . . .	Number	 00000002h   
FILE_ATTRIBUTE_NORMAL  . . . . .	Number	 00000080h   
FILE_ATTRIBUTE_NOT_CONTENT_INDEXED .	Number	 00002000h   
FILE_ATTRIBUTE_OFFLINE . . . . .	Number	 00001000h   
FILE_ATTRIBUTE_READONLY  . . . .	Number	 00000001h   
FILE_ATTRIBUTE_REPARSE_POINT . .	Number	 00000400h   
FILE_ATTRIBUTE_SPARSE_FILE . . .	Number	 00000200h   
FILE_ATTRIBUTE_SYSTEM  . . . . .	Number	 00000004h   
FILE_ATTRIBUTE_TEMPORARY . . . .	Number	 00000100h   
FILE_BEGIN . . . . . . . . . . .	Number	 00000000h   
FILE_CURRENT . . . . . . . . . .	Number	 00000001h   
FILE_DELETE_CHILD  . . . . . . .	Number	 00000040h   
FILE_END . . . . . . . . . . . .	Number	 00000002h   
FILE_READ_DATA . . . . . . . . .	Number	 00000001h   
FILE_SHARE_DELETE  . . . . . . .	Number	 00000004h   
FILE_SHARE_READ  . . . . . . . .	Number	 00000001h   
FILE_SHARE_WRITE . . . . . . . .	Number	 00000002h   
FILE_WRITE_DATA  . . . . . . . .	Number	 00000002h   
FOCUS_EVENT  . . . . . . . . . .	Number	 00000010h   
FORMAT_MESSAGE_ALLOCATE_BUFFER .	Number	 00000100h   
FORMAT_MESSAGE_FROM_SYSTEM . . .	Number	 00001000h   
First_i  . . . . . . . . . . . .	DWord	 00000077 _DATA	
First_j  . . . . . . . . . . . .	DWord	 0000007B _DATA	
FormatMessage  . . . . . . . . .	Text   	 FormatMessageA
GENERIC_ALL  . . . . . . . . . .	Number	 10000000h   
GENERIC_EXECUTE  . . . . . . . .	Number	 20000000h   
GENERIC_READ . . . . . . . . . .	Number	 -80000000h   
GENERIC_WRITE  . . . . . . . . .	Number	 40000000h   
GetCommandLine . . . . . . . . .	Text   	 GetCommandLineA
HANDLE . . . . . . . . . . . . .	Text   	 DWORD
HEAP_GENERATE_EXCEPTIONS . . . .	Number	 00000004h   
HEAP_GROWABLE  . . . . . . . . .	Number	 00000002h   
HEAP_NO_SERIALIZE  . . . . . . .	Number	 00000001h   
HEAP_REALLOC_IN_PLACE_ONLY . . .	Number	 00000010h   
HEAP_ZERO_MEMORY . . . . . . . .	Number	 00000008h   
IDABORT  . . . . . . . . . . . .	Number	 00000003h   
IDCANCEL . . . . . . . . . . . .	Number	 00000002h   
IDCLOSE  . . . . . . . . . . . .	Number	 00000008h   
IDCONTINUE . . . . . . . . . . .	Number	 0000000Bh   
IDHELP . . . . . . . . . . . . .	Number	 00000009h   
IDIGNORE . . . . . . . . . . . .	Number	 00000005h   
IDNO . . . . . . . . . . . . . .	Number	 00000007h   
IDOK . . . . . . . . . . . . . .	Number	 00000001h   
IDRETRY  . . . . . . . . . . . .	Number	 00000004h   
IDTIMEOUT  . . . . . . . . . . .	Number	 00007D00h   
IDTRYAGAIN . . . . . . . . . . .	Number	 0000000Ah   
IDYES  . . . . . . . . . . . . .	Number	 00000006h   
INVALID_HANDLE_VALUE . . . . . .	Number	 -00000001h   
KBDOWN_FLAG  . . . . . . . . . .	Number	 00000001h   
KEY_EVENT  . . . . . . . . . . .	Number	 00000001h   
KEY_MASKS  . . . . . . . . . . .	Number	 0000001Fh   
KeyboardSELECT . . . . . . . . .	DWord	 00000093 _DATA	
LEFT_ALT_PRESSED . . . . . . . .	Number	 00000002h   
LEFT_CTRL_PRESSED  . . . . . . .	Number	 00000008h   
MB_ABORTRETRYIGNORE  . . . . . .	Number	 00000002h   
MB_APPLMODAL . . . . . . . . . .	Number	 00000000h   
MB_CANCELTRYCONTINUE . . . . . .	Number	 00000006h   
MB_DEFBUTTON1  . . . . . . . . .	Number	 00000000h   
MB_DEFBUTTON2  . . . . . . . . .	Number	 00000100h   
MB_DEFBUTTON3  . . . . . . . . .	Number	 00000200h   
MB_DEFBUTTON4  . . . . . . . . .	Number	 00000300h   
MB_HELP  . . . . . . . . . . . .	Number	 00004000h   
MB_ICONASTERISK  . . . . . . . .	Number	 00000040h   
MB_ICONERROR . . . . . . . . . .	Number	 00000010h   
MB_ICONEXCLAMATION . . . . . . .	Number	 00000030h   
MB_ICONHAND  . . . . . . . . . .	Number	 00000010h   
MB_ICONINFORMATION . . . . . . .	Number	 00000040h   
MB_ICONQUESTION  . . . . . . . .	Number	 00000020h   
MB_ICONSTOP  . . . . . . . . . .	Number	 00000010h   
MB_ICONWARNING . . . . . . . . .	Number	 00000030h   
MB_OKCANCEL  . . . . . . . . . .	Number	 00000001h   
MB_OK  . . . . . . . . . . . . .	Number	 00000000h   
MB_RETRYCANCEL . . . . . . . . .	Number	 00000005h   
MB_SYSTEMMODAL . . . . . . . . .	Number	 00001000h   
MB_TASKMODAL . . . . . . . . . .	Number	 00002000h   
MB_USERICON  . . . . . . . . . .	Number	 00000080h   
MB_YESNOCANCEL . . . . . . . . .	Number	 00000003h   
MB_YESNO . . . . . . . . . . . .	Number	 00000004h   
MENU_EVENT . . . . . . . . . . .	Number	 00000008h   
MOUSE_EVENT  . . . . . . . . . .	Number	 00000002h   
MessageBox . . . . . . . . . . .	Text   	 MessageBoxA
MessageOK  . . . . . . . . . . .	Byte	 00000060 _DATA	
NULL . . . . . . . . . . . . . .	Number	 00000000h   
NUMLOCK_ON . . . . . . . . . . .	Number	 00000020h   
Num0 . . . . . . . . . . . . . .	DWord	 00000083 _DATA	
Num1 . . . . . . . . . . . . . .	DWord	 00000087 _DATA	
Num  . . . . . . . . . . . . . .	DWord	 00000067 _DATA	
OPEN_ALWAYS  . . . . . . . . . .	Number	 00000004h   
OPEN_EXISTING  . . . . . . . . .	Number	 00000003h   
PeekConsoleInput . . . . . . . .	Text   	 PeekConsoleInputA
RIGHT_ALT_PRESSED  . . . . . . .	Number	 00000001h   
RIGHT_CTRL_PRESSED . . . . . . .	Number	 00000004h   
ReadConsoleInput . . . . . . . .	Text   	 ReadConsoleInputA
ReadConsole  . . . . . . . . . .	Text   	 ReadConsoleA
SCROLLLOCK_ON  . . . . . . . . .	Number	 00000040h   
SHIFT_MASK . . . . . . . . . . .	Number	 00000010h   
SHIFT_PRESSED  . . . . . . . . .	Number	 00000010h   
STD_ERROR_HANDLE . . . . . . . .	Number	 -0000000Ch   
STD_INPUT_HANDLE . . . . . . . .	Number	 -0000000Ah   
STD_OUTPUT_HANDLE  . . . . . . .	Number	 -0000000Bh   
SetConsoleTitle  . . . . . . . .	Text   	 SetConsoleTitleA
TAB  . . . . . . . . . . . . . .	Number	 00000009h   
TRUE . . . . . . . . . . . . . .	Number	 00000001h   
TRUNCATE_EXISTING  . . . . . . .	Number	 00000005h   
VK_11  . . . . . . . . . . . . .	Number	 000000BDh   
VK_12  . . . . . . . . . . . . .	Number	 000000BBh   
VK_ADD . . . . . . . . . . . . .	Number	 0000006Bh   
VK_BACK  . . . . . . . . . . . .	Number	 00000008h   
VK_CANCEL  . . . . . . . . . . .	Number	 00000003h   
VK_CAPITAL . . . . . . . . . . .	Number	 00000014h   
VK_CLEAR . . . . . . . . . . . .	Number	 0000000Ch   
VK_CONTROL . . . . . . . . . . .	Number	 00000011h   
VK_DECIMAL . . . . . . . . . . .	Number	 0000006Eh   
VK_DELETE  . . . . . . . . . . .	Number	 0000002Eh   
VK_DIVIDE  . . . . . . . . . . .	Number	 0000006Fh   
VK_DOWN  . . . . . . . . . . . .	Number	 00000028h   
VK_END . . . . . . . . . . . . .	Number	 00000023h   
VK_ESCAPE  . . . . . . . . . . .	Number	 0000001Bh   
VK_EXECUTE . . . . . . . . . . .	Number	 0000002Bh   
VK_F10 . . . . . . . . . . . . .	Number	 00000079h   
VK_F11 . . . . . . . . . . . . .	Number	 0000007Ah   
VK_F12 . . . . . . . . . . . . .	Number	 0000007Bh   
VK_F13 . . . . . . . . . . . . .	Number	 0000007Ch   
VK_F14 . . . . . . . . . . . . .	Number	 0000007Dh   
VK_F15 . . . . . . . . . . . . .	Number	 0000007Eh   
VK_F16 . . . . . . . . . . . . .	Number	 0000007Fh   
VK_F17 . . . . . . . . . . . . .	Number	 00000080h   
VK_F18 . . . . . . . . . . . . .	Number	 00000081h   
VK_F19 . . . . . . . . . . . . .	Number	 00000082h   
VK_F1  . . . . . . . . . . . . .	Number	 00000070h   
VK_F20 . . . . . . . . . . . . .	Number	 00000083h   
VK_F21 . . . . . . . . . . . . .	Number	 00000084h   
VK_F22 . . . . . . . . . . . . .	Number	 00000085h   
VK_F23 . . . . . . . . . . . . .	Number	 00000086h   
VK_F24 . . . . . . . . . . . . .	Number	 00000087h   
VK_F2  . . . . . . . . . . . . .	Number	 00000071h   
VK_F3  . . . . . . . . . . . . .	Number	 00000072h   
VK_F4  . . . . . . . . . . . . .	Number	 00000073h   
VK_F5  . . . . . . . . . . . . .	Number	 00000074h   
VK_F6  . . . . . . . . . . . . .	Number	 00000075h   
VK_F7  . . . . . . . . . . . . .	Number	 00000076h   
VK_F8  . . . . . . . . . . . . .	Number	 00000077h   
VK_F9  . . . . . . . . . . . . .	Number	 00000078h   
VK_HELP  . . . . . . . . . . . .	Number	 0000002Fh   
VK_HOME  . . . . . . . . . . . .	Number	 00000024h   
VK_INSERT  . . . . . . . . . . .	Number	 0000002Dh   
VK_LBUTTON . . . . . . . . . . .	Number	 00000001h   
VK_LCONTROL  . . . . . . . . . .	Number	 000000A2h   
VK_LEFT  . . . . . . . . . . . .	Number	 00000025h   
VK_LMENU . . . . . . . . . . . .	Number	 000000A4h   
VK_LSHIFT  . . . . . . . . . . .	Number	 000000A0h   
VK_MENU  . . . . . . . . . . . .	Number	 00000012h   
VK_MULTIPLY  . . . . . . . . . .	Number	 0000006Ah   
VK_NEXT  . . . . . . . . . . . .	Number	 00000022h   
VK_NUMLOCK . . . . . . . . . . .	Number	 00000090h   
VK_NUMPAD0 . . . . . . . . . . .	Number	 00000060h   
VK_NUMPAD1 . . . . . . . . . . .	Number	 00000061h   
VK_NUMPAD2 . . . . . . . . . . .	Number	 00000062h   
VK_NUMPAD3 . . . . . . . . . . .	Number	 00000063h   
VK_NUMPAD4 . . . . . . . . . . .	Number	 00000064h   
VK_NUMPAD5 . . . . . . . . . . .	Number	 00000065h   
VK_NUMPAD6 . . . . . . . . . . .	Number	 00000066h   
VK_NUMPAD7 . . . . . . . . . . .	Number	 00000067h   
VK_NUMPAD8 . . . . . . . . . . .	Number	 00000068h   
VK_NUMPAD9 . . . . . . . . . . .	Number	 00000069h   
VK_PAUSE . . . . . . . . . . . .	Number	 00000013h   
VK_PRINT . . . . . . . . . . . .	Number	 0000002Ah   
VK_PRIOR . . . . . . . . . . . .	Number	 00000021h   
VK_RBUTTON . . . . . . . . . . .	Number	 00000002h   
VK_RCONTROL  . . . . . . . . . .	Number	 000000A3h   
VK_RETURN  . . . . . . . . . . .	Number	 0000000Dh   
VK_RIGHT . . . . . . . . . . . .	Number	 00000027h   
VK_RMENU . . . . . . . . . . . .	Number	 000000A5h   
VK_RSHIFT  . . . . . . . . . . .	Number	 000000A1h   
VK_SCROLL  . . . . . . . . . . .	Number	 00000091h   
VK_SEPARATER . . . . . . . . . .	Number	 0000006Ch   
VK_SHIFT . . . . . . . . . . . .	Number	 00000010h   
VK_SNAPSHOT  . . . . . . . . . .	Number	 0000002Ch   
VK_SPACE . . . . . . . . . . . .	Number	 00000020h   
VK_SUBTRACT  . . . . . . . . . .	Number	 0000006Dh   
VK_TAB . . . . . . . . . . . . .	Number	 00000009h   
VK_UP  . . . . . . . . . . . . .	Number	 00000026h   
WINDOW_BUFFER_SIZE_EVENT . . . .	Number	 00000004h   
WinTimes . . . . . . . . . . . .	DWord	 00000063 _DATA	
WriteConsoleOutputCharacter  . .	Text   	 WriteConsoleOutputCharacterA
WriteConsole . . . . . . . . . .	Text   	 WriteConsoleA
XYPos1 . . . . . . . . . . . . .	COORD	 000000C7 _DATA	
XYPos  . . . . . . . . . . . . .	COORD	 000000C3 _DATA	
arrayUnRaindomized . . . . . . .	DWord	 00000000 _DATA	
array  . . . . . . . . . . . . .	DWord	 00000030 _DATA	
a  . . . . . . . . . . . . . . .	DWord	 000000AB _DATA	
black  . . . . . . . . . . . . .	Number	 00000000h   
blue . . . . . . . . . . . . . .	Number	 00000001h   
brown  . . . . . . . . . . . . .	Number	 00000006h   
b  . . . . . . . . . . . . . . .	DWord	 000000AF _DATA	
consoleHandle  . . . . . . . . .	DWord	 000000CB _DATA	
cyan . . . . . . . . . . . . . .	Number	 00000003h   
exit . . . . . . . . . . . . . .	Text   	 INVOKE ExitProcess,0
f  . . . . . . . . . . . . . . .	DWord	 000000A7 _DATA	
gray . . . . . . . . . . . . . .	Number	 00000008h   
green  . . . . . . . . . . . . .	Number	 00000002h   
g  . . . . . . . . . . . . . . .	DWord	 000000A3 _DATA	
isVisible  . . . . . . . . . . .	DWord	 0000007F _DATA	
i  . . . . . . . . . . . . . . .	DWord	 0000006F _DATA	
j  . . . . . . . . . . . . . . .	DWord	 00000073 _DATA	
lightBlue  . . . . . . . . . . .	Number	 00000009h   
lightCyan  . . . . . . . . . . .	Number	 0000000Bh   
lightGray  . . . . . . . . . . .	Number	 00000007h   
lightGreen . . . . . . . . . . .	Number	 0000000Ah   
lightMagenta . . . . . . . . . .	Number	 0000000Dh   
lightRed . . . . . . . . . . . .	Number	 0000000Ch   
magenta  . . . . . . . . . . . .	Number	 00000005h   
q  . . . . . . . . . . . . . . .	DWord	 0000009F _DATA	
ranNum . . . . . . . . . . . . .	DWord	 0000008B _DATA	
red  . . . . . . . . . . . . . .	Number	 00000004h   
r  . . . . . . . . . . . . . . .	DWord	 00000097 _DATA	
s  . . . . . . . . . . . . . . .	DWord	 0000009B _DATA	
tempFirstLocation  . . . . . . .	DWord	 000000BB _DATA	
tempSecondLocation . . . . . . .	DWord	 000000BF _DATA	
tempValueInArray . . . . . . . .	DWord	 000000B3 _DATA	
u  . . . . . . . . . . . . . . .	DWord	 0000008F _DATA	
white  . . . . . . . . . . . . .	Number	 0000000Fh   
wsprintf . . . . . . . . . . . .	Text   	 wsprintfA
yellow . . . . . . . . . . . . .	Number	 0000000Eh   

	   0 Warnings
	   0 Errors
